c:\dev\cpp\pitengine\x64\debug\vc143.pdb
c:\dev\cpp\pitengine\x64\debug\vc143.idb
c:\dev\cpp\pitengine\x64\debug\simplerendersystem.obj
c:\dev\cpp\pitengine\x64\debug\renderer.obj
c:\dev\cpp\pitengine\x64\debug\imguirenderer.obj
c:\dev\cpp\pitengine\x64\debug\main.obj
c:\dev\cpp\pitengine\x64\debug\engineloop.obj
c:\dev\cpp\pitengine\x64\debug\ecsbasicgameloop.obj
c:\dev\cpp\pitengine\x64\debug\ecsworld.obj
c:\dev\cpp\pitengine\x64\debug\ecssubsystem.obj
c:\dev\cpp\pitengine\x64\debug\logging.obj
c:\dev\cpp\pitengine\x64\debug\audioengine.obj
c:\dev\cpp\pitengine\x64\debug\imgui_widgets.obj
c:\dev\cpp\pitengine\x64\debug\imgui_tables.obj
c:\dev\cpp\pitengine\x64\debug\imgui_impl_vulkan.obj
c:\dev\cpp\pitengine\x64\debug\imgui_impl_glfw.obj
c:\dev\cpp\pitengine\x64\debug\imgui_draw.obj
c:\dev\cpp\pitengine\x64\debug\imgui_demo.obj
c:\dev\cpp\pitengine\x64\debug\imgui.obj
c:\dev\cpp\pitengine\x64\debug\vec3.obj
c:\dev\cpp\pitengine\x64\debug\soundengine.obj
c:\dev\cpp\pitengine\x64\debug\effects.obj
c:\dev\cpp\pitengine\x64\debug\window.obj
c:\dev\cpp\pitengine\x64\debug\vulkanswapchain.obj
c:\dev\cpp\pitengine\x64\debug\vulkanpipeline.obj
c:\dev\cpp\pitengine\x64\debug\vulkanmodel.obj
c:\dev\cpp\pitengine\x64\debug\vulkandevice.obj
c:\dev\cpp\pitengine\x64\debug\audiolistener.obj
c:\dev\cpp\pitengine\x64\debug\audiogroup.obj
c:\dev\cpp\pitengine\x64\debug\sound.obj
c:\dev\cpp\pitengine\x64\debug\audiosource.obj
c:\dev\cpp\pitengine\x64\debug\pitengine.pdb
c:\dev\cpp\pitengine\x64\debug\pitengine.tlog\cl.command.1.tlog
c:\dev\cpp\pitengine\x64\debug\pitengine.tlog\cl.read.1.tlog
c:\dev\cpp\pitengine\x64\debug\pitengine.tlog\cl.write.1.tlog
c:\dev\cpp\pitengine\x64\debug\pitengine.tlog\link.6640.read.1.tlog
c:\dev\cpp\pitengine\x64\debug\pitengine.tlog\link.6640.write.1.tlog
c:\dev\cpp\pitengine\x64\debug\pitengine.tlog\link.command.1.tlog
c:\dev\cpp\pitengine\x64\debug\pitengine.tlog\link.read.1.tlog
c:\dev\cpp\pitengine\x64\debug\pitengine.tlog\link.write.1.tlog
