c:\dev\cpp\pitengine\bin-int\release-windows-x86_64\engine\renderingsystem.obj
c:\dev\cpp\pitengine\bin-int\release-windows-x86_64\engine\vulkantexture.obj
c:\dev\cpp\pitengine\bin-int\release-windows-x86_64\engine\engine.obj
c:\dev\cpp\pitengine\bin-int\release-windows-x86_64\engine\input.obj
c:\dev\cpp\pitengine\bin-int\release-windows-x86_64\engine\renderer.obj
c:\dev\cpp\pitengine\bin-int\release-windows-x86_64\engine\renderingsubmodule.obj
c:\dev\cpp\pitengine\bin-int\release-windows-x86_64\engine\windowsplatformutils.obj
c:\dev\cpp\pitengine\bin-int\release-windows-x86_64\engine\window.obj
c:\dev\cpp\pitengine\bin-int\release-windows-x86_64\engine\ecssubmodule.obj
c:\dev\cpp\pitengine\bin-int\release-windows-x86_64\engine\ecsworld.obj
c:\dev\cpp\pitengine\bin-int\release-windows-x86_64\engine\uilayermanager.obj
c:\dev\cpp\pitengine\bin-int\release-windows-x86_64\engine\camera.obj
c:\dev\cpp\pitengine\bin-int\release-windows-x86_64\engine\uirenderer.obj
c:\dev\cpp\pitengine\bin-int\release-windows-x86_64\engine\ecsbasicgameloop.obj
c:\dev\cpp\pitengine\bin-int\release-windows-x86_64\engine\vulkanpipeline.obj
c:\dev\cpp\pitengine\bin-int\release-windows-x86_64\engine\vulkandevice.obj
c:\dev\cpp\pitengine\bin-int\release-windows-x86_64\engine\vulkanswapchain.obj
c:\dev\cpp\pitengine\bin-int\release-windows-x86_64\engine\vulkanmesh.obj
c:\dev\cpp\pitengine\bin-int\release-windows-x86_64\engine\uuid.obj
c:\dev\cpp\pitengine\bin-int\release-windows-x86_64\engine\profilestats.obj
c:\dev\cpp\pitengine\bin-int\release-windows-x86_64\engine\random.obj
c:\dev\cpp\pitengine\bin-int\release-windows-x86_64\engine\pch.obj
c:\dev\cpp\pitengine\bin-int\release-windows-x86_64\engine\logging.obj
c:\dev\cpp\pitengine\bin-int\release-windows-x86_64\engine\time.obj
c:\dev\cpp\pitengine\bin-int\release-windows-x86_64\engine\vulkanbuffer.obj
c:\dev\cpp\pitengine\bin\release-windows-x86_64\engine\engine.lib
c:\dev\cpp\pitengine\bin-int\release-windows-x86_64\engine\engine.tlog\cl.command.1.tlog
c:\dev\cpp\pitengine\bin-int\release-windows-x86_64\engine\engine.tlog\cl.read.1.tlog
c:\dev\cpp\pitengine\bin-int\release-windows-x86_64\engine\engine.tlog\cl.write.1.tlog
c:\dev\cpp\pitengine\bin-int\release-windows-x86_64\engine\engine.tlog\lib-link.read.1.tlog
c:\dev\cpp\pitengine\bin-int\release-windows-x86_64\engine\engine.tlog\lib-link.write.1.tlog
c:\dev\cpp\pitengine\bin-int\release-windows-x86_64\engine\engine.tlog\lib.command.1.tlog
